<?xml version="1.0" encoding="UTF-8"?>
<testng-results skipped="0" failed="0" ignored="1" total="3" passed="2">
  <reporter-output>
  </reporter-output>
  <suite name="Default suite" duration-ms="99233" started-at="2023-08-01T14:21:29 IST" finished-at="2023-08-01T14:23:08 IST">
    <groups>
    </groups>
    <test name="Default test" duration-ms="99233" started-at="2023-08-01T14:21:29 IST" finished-at="2023-08-01T14:23:08 IST">
      <class name="Bname">
        <test-method status="PASS" signature="launch()[pri:0, instance:Bname@2698dc7]" name="launch" is-config="true" duration-ms="92682" started-at="2023-08-01T14:21:29 IST" finished-at="2023-08-01T14:23:01 IST">
          <reporter-output>
          </reporter-output>
        </test-method> <!-- launch -->
        <test-method status="PASS" signature="handleAlerts()[pri:0, instance:Bname@2698dc7]" name="handleAlerts" duration-ms="2222" started-at="2023-08-01T14:23:01 IST" finished-at="2023-08-01T14:23:04 IST">
          <reporter-output>
          </reporter-output>
        </test-method> <!-- handleAlerts -->
        <test-method status="PASS" signature="prompt()[pri:0, instance:Bname@2698dc7]" name="prompt" duration-ms="4115" started-at="2023-08-01T14:23:04 IST" finished-at="2023-08-01T14:23:08 IST">
          <reporter-output>
          </reporter-output>
        </test-method> <!-- prompt -->
        <test-method status="PASS" signature="tearDown()[pri:0, instance:Bname@2698dc7]" name="tearDown" is-config="true" duration-ms="140" started-at="2023-08-01T14:23:08 IST" finished-at="2023-08-01T14:23:08 IST">
          <reporter-output>
          </reporter-output>
        </test-method> <!-- tearDown -->
      </class> <!-- Bname -->
    </test> <!-- Default test -->
  </suite> <!-- Default suite -->
</testng-results>
